COMMAND:
 /apps/prod/COMPCHEM/schrodinger/schrodinger/epik-v6.9/bin/Linux-x86_64/epik_app -imae 235_pimozide.mae -omae 3a4_reactivity-235_pimozide.mae -cyp
SCHRODINGER: /apps/prod/COMPCHEM/schrodinger/schrodinger

Running Epik Classic version     6.9138
Epik. Copyright Schrodinger, LLC. All rights reserved.

Input file name:                        235_pimozide.mae
Output file name:                       3a4_reactivity-235_pimozide.mae
CYP reactivity calculations requested.
CYP model name:                         CYP
JobID:                                  4d0d3295-beed-11ef-994d-005056a18acd
---------------------------
Processing Input Structure #1
        Title: pimozide
 Calculated Reactivities
  Atom    Reactivity
     4     1.27
     5    -3.16
     6    -4.41
     7     2.36
    23     3.30
    24     3.36
    26     3.36
    27     3.30
    29     3.30
    30     3.36
    32     3.36
    33     3.30
    18     3.27
    19     3.10
    20     3.22
    12     6.36
    16     6.36
    11     1.80
    13    -3.17
    15    -3.17
    17    -4.21
---------------------------

Job completed at Fri Dec 20 11:13:09 2024
Elapsed time: 1.15114s
