COMMAND:
 /apps/prod/COMPCHEM/schrodinger/schrodinger/epik-v6.9/bin/Linux-x86_64/epik_app -imae 109_dextromethorphan.mae -omae 3a4_reactivity-109_dextromethorphan.mae -cyp
SCHRODINGER: /apps/prod/COMPCHEM/schrodinger/schrodinger

Running Epik Classic version     6.9138
Epik. Copyright Schrodinger, LLC. All rights reserved.

Input file name:                        109_dextromethorphan.mae
Output file name:                       3a4_reactivity-109_dextromethorphan.mae
CYP reactivity calculations requested.
CYP model name:                         CYP
JobID:                                  41849389-beed-11ef-9aee-005056a18acd
---------------------------
Processing Input Structure #1
        Title: dextromethorphan
 Calculated Reactivities
  Atom    Reactivity
     2    -2.22
     3    -4.32
     4    -1.08
    20    -3.37
     8     8.03
     9     7.96
    10     7.98
    11     8.09
    12     7.99
    14     4.38
    16     8.05
    18    -4.14
    13    -2.62
    17    -2.58
---------------------------

Job completed at Fri Dec 20 11:12:50 2024
Elapsed time: 1.08861s
