COMMAND:
 /apps/prod/COMPCHEM/schrodinger/schrodinger/epik-v6.9/bin/Linux-x86_64/epik_app -imae 182_lilopristone.mae -omae 3a4_reactivity-182_lilopristone.mae -cyp
SCHRODINGER: /apps/prod/COMPCHEM/schrodinger/schrodinger

Running Epik Classic version     6.9138
Epik. Copyright Schrodinger, LLC. All rights reserved.

Input file name:                        182_lilopristone.mae
Output file name:                       3a4_reactivity-182_lilopristone.mae
CYP reactivity calculations requested.
CYP model name:                         CYP
JobID:                                  493920a8-beed-11ef-9baf-005056a18acd
---------------------------
Processing Input Structure #1
        Title: lilopristone
 Calculated Reactivities
  Atom    Reactivity
     6     0.22
     8     0.22
    28     5.49
    18    -1.05
    20     1.67
    32    -1.56
    10     2.82
    12     2.92
    23     5.28
    29     1.50
    31     1.50
    13     7.93
    15     7.99
    19     8.00
    21     5.20
    26     7.09
    27     7.93
     1    -2.28
     3    -2.28
     5     0.73
     9     0.73
---------------------------

Job completed at Fri Dec 20 11:13:03 2024
Elapsed time: 1.10734s
