COMMAND:
 /apps/prod/COMPCHEM/schrodinger/schrodinger/epik-v6.9/bin/Linux-x86_64/epik_app -imae 033_SENECIONINE.mae -omae 3a4_reactivity-033_SENECIONINE.mae -cyp
SCHRODINGER: /apps/prod/COMPCHEM/schrodinger/schrodinger

Running Epik Classic version     6.9138
Epik. Copyright Schrodinger, LLC. All rights reserved.

Input file name:                        033_SENECIONINE.mae
Output file name:                       3a4_reactivity-033_SENECIONINE.mae
CYP reactivity calculations requested.
CYP model name:                         CYP
JobID:                                  393f9c94-beed-11ef-8068-005056a18acd
---------------------------
Processing Input Structure #1
        Title: SENECIONINE
 Calculated Reactivities
  Atom    Reactivity
    22     4.21
    24     5.02
    20     2.60
    21     2.42
    10    -1.45
    16     1.53
     9     4.70
    17     4.73
     2     3.92
     5     6.66
     1    -3.52
     7    -3.02
     8    -3.24
---------------------------

Job completed at Fri Dec 20 11:12:36 2024
Elapsed time: 1.08775s
