COMMAND:
 /apps/prod/COMPCHEM/schrodinger/schrodinger/epik-v6.9/bin/Linux-x86_64/epik_app -imae 271_seratrodast.mae -omae 3a4_reactivity-271_seratrodast.mae -cyp
SCHRODINGER: /apps/prod/COMPCHEM/schrodinger/schrodinger

Running Epik Classic version     6.9138
Epik. Copyright Schrodinger, LLC. All rights reserved.

Input file name:                        271_seratrodast.mae
Output file name:                       3a4_reactivity-271_seratrodast.mae
CYP reactivity calculations requested.
CYP model name:                         CYP
JobID:                                  507213ad-beed-11ef-beef-005056a18acd
---------------------------
Processing Input Structure #1
        Title: seratrodast
 Calculated Reactivities
  Atom    Reactivity
     3    -0.38
     4     2.34
     5    -1.60
     6     2.34
     7    -0.38
     9     2.04
    20     2.77
    21     3.07
    22     3.09
    23     2.20
     1    -0.08
    17    -4.15
    18    -4.15
    19    -4.15
---------------------------

Job completed at Fri Dec 20 11:13:15 2024
Elapsed time: 1.08279s
