COMMAND:
 /apps/prod/COMPCHEM/schrodinger/schrodinger/epik-v6.9/bin/Linux-x86_64/epik_app -imae 159_haloperidol.mae -omae 3a4_reactivity-159_haloperidol.mae -cyp
SCHRODINGER: /apps/prod/COMPCHEM/schrodinger/schrodinger

Running Epik Classic version     6.9138
Epik. Copyright Schrodinger, LLC. All rights reserved.

Input file name:                        159_haloperidol.mae
Output file name:                       3a4_reactivity-159_haloperidol.mae
CYP reactivity calculations requested.
CYP model name:                         CYP
JobID:                                  475410f5-beed-11ef-8877-005056a18acd
---------------------------
Processing Input Structure #1
        Title: haloperidol
 Calculated Reactivities
  Atom    Reactivity
    10     0.86
    11     4.05
    13     4.05
    14     0.86
    20     7.63
    21     5.92
    23     5.92
    24     7.63
    16     2.55
    17     0.45
     2     6.68
     4     6.68
     1    -3.00
     5    -3.00
     7    -4.35
---------------------------

Job completed at Fri Dec 20 11:13:00 2024
Elapsed time: 1.08769s
