COMMAND:
 /apps/prod/COMPCHEM/schrodinger/schrodinger/epik-v6.9/bin/Linux-x86_64/epik_app -imae 158_halofantrine.mae -omae 3a4_reactivity-158_halofantrine.mae -cyp
SCHRODINGER: /apps/prod/COMPCHEM/schrodinger/schrodinger

Running Epik Classic version     6.9138
Epik. Copyright Schrodinger, LLC. All rights reserved.

Input file name:                        158_halofantrine.mae
Output file name:                       3a4_reactivity-158_halofantrine.mae
CYP reactivity calculations requested.
CYP model name:                         CYP
JobID:                                  46aed4ac-beed-11ef-bf4b-005056a18acd
---------------------------
Processing Input Structure #1
        Title: halofantrine
 Calculated Reactivities
  Atom    Reactivity
     2     7.66
     3     6.88
     5     7.53
     8     7.76
    10     8.01
    13     6.17
    22     4.87
    26     4.87
    16     2.34
    20     3.08
    21     2.96
    24     3.08
    25     2.96
    15     5.60
    17    -4.23
    19    -4.46
    23    -4.46
---------------------------

Job completed at Fri Dec 20 11:12:59 2024
Elapsed time: 1.08682s
