COMMAND:
 /apps/prod/COMPCHEM/schrodinger/schrodinger/epik-v6.9/bin/Linux-x86_64/epik_app -imae 020_FELODIPINE.mae -omae 3a4_reactivity-020_FELODIPINE.mae -cyp
SCHRODINGER: /apps/prod/COMPCHEM/schrodinger/schrodinger

Running Epik Classic version     6.9138
Epik. Copyright Schrodinger, LLC. All rights reserved.

Input file name:                        020_FELODIPINE.mae
Output file name:                       3a4_reactivity-020_FELODIPINE.mae
CYP reactivity calculations requested.
CYP model name:                         CYP
JobID:                                  38a137f2-beed-11ef-9173-005056a18acd
---------------------------
Processing Input Structure #1
        Title: FELODIPINE
 Calculated Reactivities
  Atom    Reactivity
     6     4.31
    13     7.33
    21     4.25
    24    -4.15
    25     3.74
    23    -1.99
     1    -5.03
    15    -4.58
    18    -4.60
    14    -4.71
---------------------------

Job completed at Fri Dec 20 11:12:35 2024
Elapsed time: 1.08627s
