COMMAND:
 /apps/prod/COMPCHEM/schrodinger/schrodinger/epik-v6.9/bin/Linux-x86_64/epik_app -imae 219_onapristone.mae -omae 3a4_reactivity-219_onapristone.mae -cyp
SCHRODINGER: /apps/prod/COMPCHEM/schrodinger/schrodinger

Running Epik Classic version     6.9138
Epik. Copyright Schrodinger, LLC. All rights reserved.

Input file name:                        219_onapristone.mae
Output file name:                       3a4_reactivity-219_onapristone.mae
CYP reactivity calculations requested.
CYP model name:                         CYP
JobID:                                  4c71167d-beed-11ef-993b-005056a18acd
---------------------------
Processing Input Structure #1
        Title: onapristone
 Calculated Reactivities
  Atom    Reactivity
     6     0.13
     8     0.13
    28     5.71
    29     3.65
    31     2.53
    32    -0.61
    18    -0.97
    20     1.73
    10     3.09
    12     3.20
    23     5.32
    13     8.36
    15     8.23
    19     8.10
    21     5.24
    26     8.31
    27     8.31
     1    -2.28
     3    -2.28
     5     0.69
     9     0.69
---------------------------

Job completed at Fri Dec 20 11:13:08 2024
Elapsed time: 1.11273s
