COMMAND:
 /apps/prod/COMPCHEM/schrodinger/schrodinger/epik-v6.9/bin/Linux-x86_64/epik_app -imae 015_CARBAMAZEPINE.mae -omae 3a4_reactivity-015_CARBAMAZEPINE.mae -cyp
SCHRODINGER: /apps/prod/COMPCHEM/schrodinger/schrodinger

Running Epik Classic version     6.9138
Epik. Copyright Schrodinger, LLC. All rights reserved.

Input file name:                        015_CARBAMAZEPINE.mae
Output file name:                       3a4_reactivity-015_CARBAMAZEPINE.mae
CYP reactivity calculations requested.
CYP model name:                         CYP
JobID:                                  36ab21af-beed-11ef-bff1-005056a18acd
---------------------------
Processing Input Structure #1
        Title: CARBAMAZEPINE
 Calculated Reactivities
  Atom    Reactivity
    11     3.87
    13     3.75
    14     3.87
    16     3.75
    12     2.37
    15     2.37
    17    -5.50
    18    -5.50
     6     5.39
     8     5.39
---------------------------

Job completed at Fri Dec 20 11:12:32 2024
Elapsed time: 1.08838s
