COMMAND:
 /apps/prod/COMPCHEM/schrodinger/schrodinger/epik-v6.9/bin/Linux-x86_64/epik_app -imae 018_CORTISOL.mae -omae 3a4_reactivity-018_CORTISOL.mae -cyp
SCHRODINGER: /apps/prod/COMPCHEM/schrodinger/schrodinger

Running Epik Classic version     6.9138
Epik. Copyright Schrodinger, LLC. All rights reserved.

Input file name:                        018_CORTISOL.mae
Output file name:                       3a4_reactivity-018_CORTISOL.mae
CYP reactivity calculations requested.
CYP model name:                         CYP
JobID:                                  38039853-beed-11ef-90d7-005056a18acd
---------------------------
Processing Input Structure #1
        Title: CORTISOL
 Calculated Reactivities
  Atom    Reactivity
     9     5.43
    18     5.30
    20    -1.04
    13    -0.81
    22     5.36
     1     7.96
     2     8.33
     4     8.23
     5     7.45
     6     8.08
     8     7.45
    10     7.24
    12     7.44
    17     7.14
    23     5.37
---------------------------

Job completed at Fri Dec 20 11:12:34 2024
Elapsed time: 1.08704s
