COMMAND:
 /apps/prod/COMPCHEM/schrodinger/schrodinger/epik-v6.9/bin/Linux-x86_64/epik_app -imae 092_colchicine.mae -omae 3a4_reactivity-092_colchicine.mae -cyp
SCHRODINGER: /apps/prod/COMPCHEM/schrodinger/schrodinger

Running Epik Classic version     6.9138
Epik. Copyright Schrodinger, LLC. All rights reserved.

Input file name:                        092_colchicine.mae
Output file name:                       3a4_reactivity-092_colchicine.mae
CYP reactivity calculations requested.
CYP model name:                         CYP
JobID:                                  40437a11-beed-11ef-bf6c-005056a18acd
---------------------------
Processing Input Structure #1
        Title: colchicine
 Calculated Reactivities
  Atom    Reactivity
     1    -4.24
    18     0.62
    19     0.62
    20     0.62
     8    -3.37
    10    -3.37
    12    -3.37
    25    -3.37
    28     4.52
    13    -2.77
    14     3.40
    15     1.91
---------------------------

Job completed at Fri Dec 20 11:12:48 2024
Elapsed time: 1.08841s
