COMMAND:
 /apps/prod/COMPCHEM/schrodinger/schrodinger/epik-v6.9/bin/Linux-x86_64/epik_app -imae 016_CLARITHROMYCIN.mae -omae 3a4_reactivity-016_CLARITHROMYCIN.mae -cyp
SCHRODINGER: /apps/prod/COMPCHEM/schrodinger/schrodinger

Running Epik Classic version     6.9138
Epik. Copyright Schrodinger, LLC. All rights reserved.

Input file name:                        016_CLARITHROMYCIN.mae
Output file name:                       3a4_reactivity-016_CLARITHROMYCIN.mae
CYP reactivity calculations requested.
CYP model name:                         CYP
JobID:                                  376140e2-beed-11ef-b77c-005056a18acd
---------------------------
Processing Input Structure #1
        Title: CLARITHROMYCIN
 Calculated Reactivities
  Atom    Reactivity
     7     3.99
     9     4.36
    12    -3.05
    18     5.04
    21     4.63
    33     4.35
    35     5.20
    45     4.00
    46     3.96
    48     4.81
    51    -3.04
    52     4.76
     5     2.10
    47     2.58
     1    -0.55
     3     1.87
     8    -0.02
    11     2.71
    14     1.73
    25     2.31
    34     2.37
    38     0.48
    10     1.55
    15     5.07
    19     1.85
    24     4.36
    27     4.98
    31     6.76
    37     3.40
    43     4.92
    39    -4.61
    40    -4.61
    22    -3.46
---------------------------

Job completed at Fri Dec 20 11:12:33 2024
Elapsed time: 1.08854s
