COMMAND:
 /apps/prod/COMPCHEM/schrodinger/schrodinger/epik-v6.9/bin/Linux-x86_64/epik_app -imae 051_amiodarone.mae -omae 3a4_reactivity-051_amiodarone.mae -cyp
SCHRODINGER: /apps/prod/COMPCHEM/schrodinger/schrodinger

Running Epik Classic version     6.9138
Epik. Copyright Schrodinger, LLC. All rights reserved.

Input file name:                        051_amiodarone.mae
Output file name:                       3a4_reactivity-051_amiodarone.mae
CYP reactivity calculations requested.
CYP model name:                         CYP
JobID:                                  3bd0925a-beed-11ef-a7cd-005056a18acd
---------------------------
Processing Input Structure #1
        Title: amiodarone
 Calculated Reactivities
  Atom    Reactivity
     1     3.67
     2     3.35
     3     3.33
     4     2.92
    16     3.83
    20     3.83
    13     5.13
    29     4.85
    31     4.85
    10     2.72
    11     3.10
    12     3.15
    25    -1.01
    26    -4.62
    28    -4.57
    30    -4.57
---------------------------

Job completed at Fri Dec 20 11:12:40 2024
Elapsed time: 1.09615s
