COMMAND:
 /apps/prod/COMPCHEM/schrodinger/schrodinger/epik-v6.9/bin/Linux-x86_64/epik_app -imae 130_erythromycin.mae -omae 3a4_reactivity-130_erythromycin.mae -cyp
SCHRODINGER: /apps/prod/COMPCHEM/schrodinger/schrodinger

Running Epik Classic version     6.9138
Epik. Copyright Schrodinger, LLC. All rights reserved.

Input file name:                        130_erythromycin.mae
Output file name:                       3a4_reactivity-130_erythromycin.mae
CYP reactivity calculations requested.
CYP model name:                         CYP
JobID:                                  44c1c21b-beed-11ef-80bd-005056a18acd
---------------------------
Processing Input Structure #1
        Title: erythromycin
 Calculated Reactivities
  Atom    Reactivity
    15     4.42
    19     5.22
    22     4.78
    23     4.45
    25     5.21
    26     4.87
    31     4.82
    34     3.96
    37     4.01
    38    -3.04
    45     4.35
     1     3.31
     4     2.93
    13    -0.99
    28     2.67
     2     3.00
     3     3.72
     5     2.43
     8     0.20
     9     0.80
    11     2.10
    12    -0.11
    14     1.92
    16     1.81
    29     4.98
    32     4.93
    33     3.40
    39     1.66
    40     5.11
    42     4.36
    44     6.76
    48    -4.61
    49    -4.61
    43    -3.45
---------------------------

Job completed at Fri Dec 20 11:12:55 2024
Elapsed time: 1.10596s
