COMMAND:
 /apps/prod/COMPCHEM/schrodinger/schrodinger/epik-v6.9/bin/Linux-x86_64/epik_app -imae 112_diazepam.mae -omae 3a4_reactivity-112_diazepam.mae -cyp
SCHRODINGER: /apps/prod/COMPCHEM/schrodinger/schrodinger

Running Epik Classic version     6.9138
Epik. Copyright Schrodinger, LLC. All rights reserved.

Input file name:                        112_diazepam.mae
Output file name:                       3a4_reactivity-112_diazepam.mae
CYP reactivity calculations requested.
CYP model name:                         CYP
JobID:                                  42286a77-beed-11ef-bbb9-005056a18acd
---------------------------
Processing Input Structure #1
        Title: diazepam
 Calculated Reactivities
  Atom    Reactivity
     1     6.00
     5     6.03
    16     3.25
    17     3.25
    18     2.76
    19     2.76
    20     3.55
    13     0.35
    10    -2.88
     2     8.75
---------------------------

Job completed at Fri Dec 20 11:12:51 2024
Elapsed time: 1.10038s
