COMMAND:
 /apps/prod/COMPCHEM/schrodinger/schrodinger/epik-v6.9/bin/Linux-x86_64/epik_app -imae 309_verapamil.mae -omae 3a4_reactivity-309_verapamil.mae -cyp
SCHRODINGER: /apps/prod/COMPCHEM/schrodinger/schrodinger

Running Epik Classic version     6.9138
Epik. Copyright Schrodinger, LLC. All rights reserved.

Input file name:                        309_verapamil.mae
Output file name:                       3a4_reactivity-309_verapamil.mae
CYP reactivity calculations requested.
CYP model name:                         CYP
JobID:                                  54b80ee4-beed-11ef-8b52-005056a18acd
---------------------------
Processing Input Structure #1
        Title: verapamil
 Calculated Reactivities
  Atom    Reactivity
     1     1.46
     4    -1.38
    16     2.27
    17    -0.06
    19     0.64
    28    -2.08
    11     0.80
    12     0.80
    29    -3.37
    30    -3.37
    31    -3.37
    32    -3.37
    21     1.62
    22     2.69
    26    -1.79
    10    -0.95
    13    -4.21
    23    -4.32
    25    -4.29
---------------------------

Job completed at Fri Dec 20 11:13:22 2024
Elapsed time: 1.08788s
